 
OFDC: Activated at 1614055803.0
 
Local DB inserted - EUR_CHF
Local DB inserted - EUR_GBP
Local DB inserted - EUR_USD
Local DB inserted - USD_CHF
Local DB inserted - GBP_USD
Local DB inserted - EUR_AUD
Local DB inserted - AUD_CHF
Local DB inserted - CHF_JPY
Local DB inserted - EUR_JPY
Local DB inserted - GBP_JPY
Local DB inserted - USD_CAD
Local DB inserted - AUD_USD
Local DB inserted - NZD_USD
Local DB inserted - USD_JPY
Local DB inserted - USD_SGD
Local DB inserted - AUD_CAD
Local DB inserted - CAD_JPY
Local DB inserted - AUD_NZD
Local DB inserted - AUD_JPY
Local DB inserted - NZD_JPY
Local DB inserted - GBP_AUD
Local DB inserted - EUR_NZD
Local DB inserted - GBP_CAD
Local DB inserted - CAD_CHF
Local DB inserted - GBP_NZD
Local DB inserted - EUR_CAD
Local DB inserted - GBP_CHF
Local DB inserted - AUD_SGD
Local DB inserted - NZD_CHF
Local DB inserted - SGD_JPY
Local DB inserted - NZD_CAD
Upload Successful.
 
OFDC: Done, Deactivated in 0.35 Minutes.
